#
# There is insufficient memory for the Java Runtime Environment to continue.
# Native memory allocation (mmap) failed to map 257949696 bytes for Failed to commit area from 0x000000070ae00000 to 0x000000071a400000 of length 257949696.
# Possible reasons:
#   The system is out of physical RAM or swap space
#   The process is running with CompressedOops enabled, and the Java Heap may be blocking the growth of the native heap
# Possible solutions:
#   Reduce memory load on the system
#   Increase physical memory or swap space
#   Check if swap backing store is full
#   Decrease Java heap size (-Xmx/-Xms)
#   Decrease number of Java threads
#   Decrease Java thread stack sizes (-Xss)
#   Set larger code cache with -XX:ReservedCodeCacheSize=
# This output file may be truncated or incomplete.
#
#  Out of Memory Error (./src/hotspot/os/windows/os_windows.cpp:3511), pid=16968, tid=4864
#
# JRE version:  (11.0.11+9) (build )
# Java VM: OpenJDK 64-Bit Server VM (11.0.11+9-b1504.13, mixed mode, sharing, tiered, compressed oops, g1 gc, windows-amd64)
# No core dump will be written. Minidumps are not enabled by default on client versions of Windows
#

---------------  S U M M A R Y ------------

Command Line: git4idea.http.GitAskPassApp Username for 'https://gitee.com': 

Host: AMD Ryzen 5 5600U with Radeon Graphics         , 12 cores, 15G,  Windows 10 , 64 bit Build 19041 (10.0.19041.1348)
Time: Tue Dec 14 21:47:49 2021 中国标准时间 elapsed time: 0.010193 seconds (0d 0h 0m 0s)

---------------  T H R E A D  ---------------

Current thread (0x000001b81ddc1000):  JavaThread "Unknown thread" [_thread_in_vm, id=4864, stack(0x0000009d55b00000,0x0000009d55c00000)]

Stack: [0x0000009d55b00000,0x0000009d55c00000]
Native frames: (J=compiled Java code, j=interpreted, Vv=VM code, C=native code)
V  [jvm.dll+0x5f5d5a]
V  [jvm.dll+0x7798b5]
V  [jvm.dll+0x77aecd]
V  [jvm.dll+0x77b583]
V  [jvm.dll+0x244978]
V  [jvm.dll+0x5f3174]
V  [jvm.dll+0x5e7d55]
V  [jvm.dll+0x30068b]
V  [jvm.dll+0x3005fa]
V  [jvm.dll+0x3004d2]
V  [jvm.dll+0x3053c6]
V  [jvm.dll+0x34e0a3]
V  [jvm.dll+0x34e7a6]
V  [jvm.dll+0x34e1a3]
V  [jvm.dll+0x2db0c8]
V  [jvm.dll+0x2dc267]
V  [jvm.dll+0x758057]
V  [jvm.dll+0x75984c]
V  [jvm.dll+0x35b659]
V  [jvm.dll+0x73b67e]
V  [jvm.dll+0x3c39f3]
V  [jvm.dll+0x3c5dd1]
C  [jli.dll+0x5373]
C  [ucrtbase.dll+0x21bb2]
C  [KERNEL32.DLL+0x17034]
C  [ntdll.dll+0x52651]


---------------  P R O C E S S  ---------------

Threads class SMR info:
_java_thread_list=0x000001b81bcae8f0, length=0, elements={
}

Java Threads: ( => current thread )

Other Threads:
  0x000001b81ddd9000 GCTaskThread "GC Thread#0" [stack: 0x0000009d55c00000,0x0000009d55d00000] [id=15756]
  0x000001b81de33000 ConcurrentGCThread "G1 Main Marker" [stack: 0x0000009d55d00000,0x0000009d55e00000] [id=18872]
  0x000001b81de35800 ConcurrentGCThread "G1 Conc#0" [stack: 0x0000009d55e00000,0x0000009d55f00000] [id=16636]

[error occurred during error reporting (printing all threads), id 0xc0000005, EXCEPTION_ACCESS_VIOLATION (0xc0000005) at pc=0x00007fffdefcb8f7]

VM state:not at safepoint (not fully initialized)

VM Mutex/Monitor currently owned by a thread:  ([mutex/lock_event])
[0x000001b81ddbfdd0] Heap_lock - owner thread: 0x000001b81ddc1000

Heap address: 0x000000070ae00000, size: 3922 MB, Compressed Oops mode: Non-zero based: 0x000000070ae00000
Narrow klass base: 0x0000000000000000, Narrow klass shift: 0

GC Heap History (0 events):
No events

Deoptimization events (0 events):
No events

Classes redefined (0 events):
No events

Internal exceptions (0 events):
No events

Events (1 events):
Event: 0.006 Loaded shared library E:\Program Files\IntelliJ IDEA 2021.2\jbr\bin\zip.dll


Dynamic libraries:
0x00007ff6efc20000 - 0x00007ff6efc2a000 	E:\Program Files\IntelliJ IDEA 2021.2\jbr\bin\java.exe
0x00007ff84a010000 - 0x00007ff84a205000 	C:\WINDOWS\SYSTEM32\ntdll.dll
0x00007ff848320000 - 0x00007ff8483de000 	C:\WINDOWS\System32\KERNEL32.DLL
0x00007ff847ba0000 - 0x00007ff847e68000 	C:\WINDOWS\System32\KERNELBASE.dll
0x00007ff847830000 - 0x00007ff847930000 	C:\WINDOWS\System32\ucrtbase.dll
0x00007ff83f390000 - 0x00007ff83f3a9000 	E:\Program Files\IntelliJ IDEA 2021.2\jbr\bin\jli.dll
0x00007ff833ce0000 - 0x00007ff833cf7000 	E:\Program Files\IntelliJ IDEA 2021.2\jbr\bin\VCRUNTIME140.dll
0x00007ff849250000 - 0x00007ff8493f1000 	C:\WINDOWS\System32\USER32.dll
0x00007ff847e70000 - 0x00007ff847e92000 	C:\WINDOWS\System32\win32u.dll
0x00007ff848e90000 - 0x00007ff848ebb000 	C:\WINDOWS\System32\GDI32.dll
0x00007ff82d850000 - 0x00007ff82daea000 	C:\WINDOWS\WinSxS\amd64_microsoft.windows.common-controls_6595b64144ccf1df_6.0.19041.1110_none_60b5254171f9507e\COMCTL32.dll
0x00007ff847930000 - 0x00007ff847a3b000 	C:\WINDOWS\System32\gdi32full.dll
0x00007ff847730000 - 0x00007ff8477cd000 	C:\WINDOWS\System32\msvcp_win.dll
0x00007ff8491b0000 - 0x00007ff84924e000 	C:\WINDOWS\System32\msvcrt.dll
0x00007ff848490000 - 0x00007ff8484c0000 	C:\WINDOWS\System32\IMM32.DLL
0x00007ff80ea40000 - 0x00007ff80eadd000 	E:\Program Files\IntelliJ IDEA 2021.2\jbr\bin\msvcp140.dll
0x00007fffdece0000 - 0x00007fffdf82a000 	E:\Program Files\IntelliJ IDEA 2021.2\jbr\bin\server\jvm.dll
0x00007ff848f80000 - 0x00007ff84902c000 	C:\WINDOWS\System32\ADVAPI32.dll
0x00007ff848280000 - 0x00007ff84831b000 	C:\WINDOWS\System32\sechost.dll
0x00007ff848060000 - 0x00007ff84818a000 	C:\WINDOWS\System32\RPCRT4.dll
0x00007ff8499b0000 - 0x00007ff8499b8000 	C:\WINDOWS\System32\PSAPI.DLL
0x00007ff842e30000 - 0x00007ff842e39000 	C:\WINDOWS\SYSTEM32\WSOCK32.dll
0x00007ff83ea00000 - 0x00007ff83ea27000 	C:\WINDOWS\SYSTEM32\WINMM.dll
0x00007ff8406a0000 - 0x00007ff8406aa000 	C:\WINDOWS\SYSTEM32\VERSION.dll
0x00007ff8494c0000 - 0x00007ff84952b000 	C:\WINDOWS\System32\WS2_32.dll
0x00007ff845fb0000 - 0x00007ff845fc2000 	C:\WINDOWS\SYSTEM32\kernel.appcore.dll
0x00007ff8413e0000 - 0x00007ff8413f1000 	E:\Program Files\IntelliJ IDEA 2021.2\jbr\bin\verify.dll
0x00007ff8455c0000 - 0x00007ff8457a4000 	C:\WINDOWS\SYSTEM32\DBGHELP.DLL
0x00007ff82fa60000 - 0x00007ff82fa8c000 	C:\WINDOWS\SYSTEM32\dbgcore.DLL
0x00007ff847ea0000 - 0x00007ff847f23000 	C:\WINDOWS\System32\bcryptPrimitives.dll
0x00007ff833c30000 - 0x00007ff833c59000 	E:\Program Files\IntelliJ IDEA 2021.2\jbr\bin\java.dll
0x00007ff842e20000 - 0x00007ff842e2b000 	E:\Program Files\IntelliJ IDEA 2021.2\jbr\bin\jimage.dll
0x00007ff82c590000 - 0x00007ff82c5a8000 	E:\Program Files\IntelliJ IDEA 2021.2\jbr\bin\zip.dll

dbghelp: loaded successfully - version: 4.0.5 - missing functions: none
symbol engine: initialized successfully - sym options: 0x614 - pdb path: .;E:\Program Files\IntelliJ IDEA 2021.2\jbr\bin;C:\WINDOWS\SYSTEM32;C:\WINDOWS\WinSxS\amd64_microsoft.windows.common-controls_6595b64144ccf1df_6.0.19041.1110_none_60b5254171f9507e;E:\Program Files\IntelliJ IDEA 2021.2\jbr\bin\server

VM Arguments:
java_command: git4idea.http.GitAskPassApp Username for 'https://gitee.com': 
java_class_path (initial): E:/Program Files/IntelliJ IDEA 2021.2/plugins/git4idea/lib/git4idea-rt.jar;E:/Program Files/IntelliJ IDEA 2021.2/lib/3rd-party.jar
Launcher Type: SUN_STANDARD

[Global flags]
     intx CICompilerCount                          = 4                                         {product} {ergonomic}
     uint ConcGCThreads                            = 3                                         {product} {ergonomic}
     uint G1ConcRefinementThreads                  = 10                                        {product} {ergonomic}
   size_t G1HeapRegionSize                         = 1048576                                   {product} {ergonomic}
    uintx GCDrainStackTargetSize                   = 64                                        {product} {ergonomic}
   size_t InitialHeapSize                          = 257949696                                 {product} {ergonomic}
   size_t MarkStackSize                            = 4194304                                   {product} {ergonomic}
   size_t MaxHeapSize                              = 4112515072                                {product} {ergonomic}
   size_t MinHeapDeltaBytes                        = 1048576                                   {product} {ergonomic}
    uintx NonNMethodCodeHeapSize                   = 5836300                                {pd product} {ergonomic}
    uintx NonProfiledCodeHeapSize                  = 122910970                              {pd product} {ergonomic}
    uintx ProfiledCodeHeapSize                     = 122910970                              {pd product} {ergonomic}
    uintx ReservedCodeCacheSize                    = 251658240                              {pd product} {ergonomic}
     bool SegmentedCodeCache                       = true                                      {product} {ergonomic}
     bool UseCompressedClassPointers               = true                                 {lp64_product} {ergonomic}
     bool UseCompressedOops                        = true                                 {lp64_product} {ergonomic}
     bool UseG1GC                                  = true                                      {product} {ergonomic}
     bool UseLargePagesIndividualAllocation        = false                                  {pd product} {ergonomic}

Logging:
Log output configuration:
 #0: stdout all=warning uptime,level,tags
 #1: stderr all=off uptime,level,tags

Environment Variables:
JAVA_HOME=C:\Program Files\Java\jdk1.8.0_11
PATH=E:\Tom\Git\mingw64\libexec\git-core;E:\Tom\Git\mingw64\bin;E:\Tom\Git\usr\bin;C:\Users\梁\bin;C:\WINDOWS\system32;C:\WINDOWS;C:\WINDOWS\System32\Wbem;C:\WINDOWS\System32\WindowsPowerShell\v1.0;C:\WINDOWS\System32\OpenSSH;C:\Program Files\Java\jdk1.8.0_11\bin;E:\Program Files\bin;E:\Game\EasyShare\x86;E:\Game\EasyShare\x64;E:\Tom\Git\cmd;E:\tool\erl-24.1.7\bin;E:\tool\rabbitmq_server-3.9.11\sbin\sbin;E:\MongoDB\bin\bin;C:\Users\梁\AppData\Local\Microsoft\WindowsApps;E:\Program Files\Microsoft VS Code\bin;E:\Program Files\IntelliJ IDEA 2021.2\bin
USERNAME=梁
DISPLAY=:0.0
LC_ALL=en_US.UTF-8
OS=Windows_NT
PROCESSOR_IDENTIFIER=AMD64 Family 25 Model 80 Stepping 0, AuthenticAMD



---------------  S Y S T E M  ---------------

OS: Windows 10 , 64 bit Build 19041 (10.0.19041.1348)
OS uptime: 0 days 9:42 hours

CPU:total 12 (initial active 12) (12 cores per cpu, 2 threads per core) family 25 model 80 stepping 0 microcode 0x0, cmov, cx8, fxsr, mmx, sse, sse2, sse3, ssse3, sse4.1, sse4.2, popcnt, avx, avx2, aes, clmul, erms, mmxext, 3dnowpref, lzcnt, sse4a, ht, tsc, tscinvbit, tscinv, bmi1, bmi2,

Memory: 4k page, system-wide physical 15681M (4516M free)
TotalPageFile size 15809M (AvailPageFile size 107M)
current process WorkingSet (physical memory assigned to process): 10M, peak: 10M
current process commit charge ("private bytes"): 64M, peak: 310M

vm_info: OpenJDK 64-Bit Server VM (11.0.11+9-b1504.13) for windows-amd64 JRE (11.0.11+9-b1504.13), built on Jul 18 2021 03:17:44 by "" with MS VC++ 14.0 (VS2015)

END.
